<?xml version="1.0" encoding="UTF-8"?>
<testsuites name="jest tests" tests="4" failures="0" errors="0" time="0.592">
  <testsuite name="undefined" errors="0" failures="0" skipped="0" timestamp="2025-10-14T02:08:06" time="0.395" tests="2">
    <testcase classname=" 加法測試: 1 + 2 = 3" name=" 加法測試: 1 + 2 = 3" time="0.006">
    </testcase>
    <testcase classname=" 加法測試: -5 + 5 = 0" name=" 加法測試: -5 + 5 = 0" time="0.001">
    </testcase>
  </testsuite>
  <testsuite name="undefined" errors="0" failures="0" skipped="0" timestamp="2025-10-14T02:08:06" time="0.421" tests="2">
    <testcase classname=" 1 + 2 = 3" name=" 1 + 2 = 3" time="0.004">
    </testcase>
    <testcase classname=" -5 + 5 = 0" name=" -5 + 5 = 0" time="0.007">
    </testcase>
  </testsuite>
</testsuites>